0 info it worked if it ends with ok
1 verbose cli [ 'C:\\Program Files\\nodejs\\node.exe',
1 verbose cli   'C:\\Program Files\\nodejs\\node_modules\\npm\\bin\\npm-cli.js',
1 verbose cli   'run',
1 verbose cli   'server-dev' ]
2 info using npm@3.10.10
3 info using node@v6.10.1
4 verbose run-script [ 'preserver-dev', 'server-dev', 'postserver-dev' ]
5 info lifecycle pokemon-maker@1.0.0~preserver-dev: pokemon-maker@1.0.0
6 silly lifecycle pokemon-maker@1.0.0~preserver-dev: no script for preserver-dev, continuing
7 info lifecycle pokemon-maker@1.0.0~server-dev: pokemon-maker@1.0.0
8 verbose lifecycle pokemon-maker@1.0.0~server-dev: unsafe-perm in lifecycle true
9 verbose lifecycle pokemon-maker@1.0.0~server-dev: PATH: C:\Program Files\nodejs\node_modules\npm\bin\node-gyp-bin;C:\Users\Michael\OneDrive\Documents\PROJECTS\Pokemon Maker\node_modules\.bin;C:\Users\Michael\bin;C:\Program Files\Git\mingw64\bin;C:\Program Files\Git\usr\local\bin;C:\Program Files\Git\usr\bin;C:\Program Files\Git\usr\bin;C:\Program Files\Git\mingw64\bin;C:\Program Files\Git\usr\bin;C:\Users\Michael\bin;C:\ProgramData\Oracle\Java\javapath;C:\Program Files\Dell\DW WLAN Card;C:\Program Files (x86)\Intel\iCLS Client;C:\Program Files\Intel\iCLS Client;C:\WINDOWS\system32;C:\WINDOWS;C:\WINDOWS\System32\Wbem;C:\WINDOWS\System32\WindowsPowerShell\v1.0;C:\Program Files (x86)\Intel\Intel(R) Management Engine Components\DAL;C:\Program Files\Intel\Intel(R) Management Engine Components\DAL;C:\Program Files (x86)\Intel\Intel(R) Management Engine Components\IPT;C:\Program Files\Intel\Intel(R) Management Engine Components\IPT;C:\Program Files (x86)\Windows Live\Shared;C:\Program Files\Git\cmd;C:\Program Files\MySQL\MySQL Utilities 1.6;C:\Program Files\nodejs;C:\Program Files\PuTTY;D:\MATLAB\bin;C:\Users\Michael\Anaconda3;C:\Users\Michael\Anaconda3\Scripts;C:\Users\Michael\Anaconda3\Library\bin;C:\Ruby200-x64\bin;C:\Users\Michael\AppData\Local\Microsoft\WindowsApps;C:\Users\Michael\AppData\Roaming\npm;C:\Users\Michael\AppData\Local\atom\bin;C:\Users\Michael\AppData\Local\Microsoft\WindowsApps;C:\Program Files\Heroku\bin;C:\Program Files\Git\usr\bin\vendor_perl;C:\Program Files\Git\usr\bin\core_perl
10 verbose lifecycle pokemon-maker@1.0.0~server-dev: CWD: C:\Users\Michael\OneDrive\Documents\PROJECTS\Pokemon Maker
11 silly lifecycle pokemon-maker@1.0.0~server-dev: Args: [ '/d /s /c', 'nodemon server/server.js' ]
12 silly lifecycle pokemon-maker@1.0.0~server-dev: Returned: code: 3221225786  signal: null
13 info lifecycle pokemon-maker@1.0.0~server-dev: Failed to exec server-dev script
14 verbose stack Error: pokemon-maker@1.0.0 server-dev: `nodemon server/server.js`
14 verbose stack Exit status 3221225786
14 verbose stack     at EventEmitter.<anonymous> (C:\Program Files\nodejs\node_modules\npm\lib\utils\lifecycle.js:255:16)
14 verbose stack     at emitTwo (events.js:106:13)
14 verbose stack     at EventEmitter.emit (events.js:191:7)
14 verbose stack     at ChildProcess.<anonymous> (C:\Program Files\nodejs\node_modules\npm\lib\utils\spawn.js:40:14)
14 verbose stack     at emitTwo (events.js:106:13)
14 verbose stack     at ChildProcess.emit (events.js:191:7)
14 verbose stack     at maybeClose (internal/child_process.js:886:16)
14 verbose stack     at Process.ChildProcess._handle.onexit (internal/child_process.js:226:5)
15 verbose pkgid pokemon-maker@1.0.0
16 verbose cwd C:\Users\Michael\OneDrive\Documents\PROJECTS\Pokemon Maker
17 error Windows_NT 10.0.16299
18 error argv "C:\\Program Files\\nodejs\\node.exe" "C:\\Program Files\\nodejs\\node_modules\\npm\\bin\\npm-cli.js" "run" "server-dev"
19 error node v6.10.1
20 error npm  v3.10.10
21 error code ELIFECYCLE
22 error pokemon-maker@1.0.0 server-dev: `nodemon server/server.js`
22 error Exit status 3221225786
23 error Failed at the pokemon-maker@1.0.0 server-dev script 'nodemon server/server.js'.
23 error Make sure you have the latest version of node.js and npm installed.
23 error If you do, this is most likely a problem with the pokemon-maker package,
23 error not with npm itself.
23 error Tell the author that this fails on your system:
23 error     nodemon server/server.js
23 error You can get information on how to open an issue for this project with:
23 error     npm bugs pokemon-maker
23 error Or if that isn't available, you can get their info via:
23 error     npm owner ls pokemon-maker
23 error There is likely additional logging output above.
24 verbose exit [ 1, true ]
